d:\programming\project_in_proga_c++\project_in_proga_c++\debug\vc142.pdb
d:\programming\project_in_proga_c++\project_in_proga_c++\debug\vc142.idb
d:\programming\project_in_proga_c++\project_in_proga_c++\debug\workingclass.obj
d:\programming\project_in_proga_c++\project_in_proga_c++\debug\tvseries.obj
d:\programming\project_in_proga_c++\project_in_proga_c++\debug\source.obj
d:\programming\project_in_proga_c++\project_in_proga_c++\debug\shortfilms.obj
d:\programming\project_in_proga_c++\project_in_proga_c++\debug\second_menu.obj
d:\programming\project_in_proga_c++\project_in_proga_c++\debug\poster.obj
d:\programming\project_in_proga_c++\project_in_proga_c++\debug\person.obj
d:\programming\project_in_proga_c++\project_in_proga_c++\debug\movie.obj
d:\programming\project_in_proga_c++\project_in_proga_c++\debug\main_menu.obj
d:\programming\project_in_proga_c++\project_in_proga_c++\debug\informator.obj
d:\programming\project_in_proga_c++\project_in_proga_c++\debug\hall.obj
d:\programming\project_in_proga_c++\project_in_proga_c++\debug\cinema.obj
d:\programming\project_in_proga_c++\project_in_proga_c++\debug\choise.obj
d:\programming\project_in_proga_c++\project_in_proga_c++\debug\centeroffice.obj
d:\programming\project_in_proga_c++\project_in_proga_c++\debug\cartoon.obj
d:\programming\project_in_proga_c++\project_in_proga_c++\debug\administration.obj
d:\programming\project_in_proga_c++\project_in_proga_c++\debug\project_in_proga_c++.ilk
d:\programming\project_in_proga_c++\debug\project_in_proga_c++.exe
d:\programming\project_in_proga_c++\debug\project_in_proga_c++.pdb
d:\programming\project_in_proga_c++\project_in_proga_c++\debug\project_in_proga_c++.res
d:\programming\project_in_proga_c++\project_in_proga_c++\debug\project_.ca2fa8ee.tlog\cl.command.1.tlog
d:\programming\project_in_proga_c++\project_in_proga_c++\debug\project_.ca2fa8ee.tlog\cl.read.1.tlog
d:\programming\project_in_proga_c++\project_in_proga_c++\debug\project_.ca2fa8ee.tlog\cl.write.1.tlog
d:\programming\project_in_proga_c++\project_in_proga_c++\debug\project_.ca2fa8ee.tlog\link.command.1.tlog
d:\programming\project_in_proga_c++\project_in_proga_c++\debug\project_.ca2fa8ee.tlog\link.read.1.tlog
d:\programming\project_in_proga_c++\project_in_proga_c++\debug\project_.ca2fa8ee.tlog\link.write.1.tlog
d:\programming\project_in_proga_c++\project_in_proga_c++\debug\project_.ca2fa8ee.tlog\rc.command.1.tlog
d:\programming\project_in_proga_c++\project_in_proga_c++\debug\project_.ca2fa8ee.tlog\rc.read.1.tlog
d:\programming\project_in_proga_c++\project_in_proga_c++\debug\project_.ca2fa8ee.tlog\rc.write.1.tlog
